[debug] [2024-06-10T17:08:45.668Z] ----------------------------------------------------------------------
[debug] [2024-06-10T17:08:45.670Z] Command:       C:\Program Files\nodejs\node.exe C:\Users\we\AppData\Roaming\npm\node_modules\firebase-tools\lib\bin\firebase.js init functions
[debug] [2024-06-10T17:08:45.670Z] CLI Version:   13.11.2
[debug] [2024-06-10T17:08:45.671Z] Platform:      win32
[debug] [2024-06-10T17:08:45.671Z] Node Version:  v18.14.0
[debug] [2024-06-10T17:08:45.671Z] Time:          Mon Jun 10 2024 20:08:45 GMT+0300 (Eastern European Summer Time)
[debug] [2024-06-10T17:08:45.671Z] ----------------------------------------------------------------------
[debug] 
[debug] [2024-06-10T17:08:45.678Z] > command requires scopes: ["email","openid","https://www.googleapis.com/auth/cloudplatformprojects.readonly","https://www.googleapis.com/auth/firebase","https://www.googleapis.com/auth/cloud-platform"]
[debug] [2024-06-10T17:08:45.679Z] > authorizing via signed-in user (mohamadmourad511@gmail.com)
[info] 
     ######## #### ########  ######## ########     ###     ######  ########
     ##        ##  ##     ## ##       ##     ##  ##   ##  ##       ##
     ######    ##  ########  ######   ########  #########  ######  ######
     ##        ##  ##    ##  ##       ##     ## ##     ##       ## ##
     ##       #### ##     ## ######## ########  ##     ##  ######  ########

You're about to initialize a Firebase project in this directory:

  C:\Users\we\Desktop\portfolio

[info] 
=== Project Setup
[info] 
[info] First, let's associate this project directory with a Firebase project.
[info] You can create multiple project aliases by running firebase use --add, 
[info] but for now we'll just set up a default project.
[info] 
[debug] [2024-06-10T17:08:56.592Z] > refreshing access token with scopes: []
[debug] [2024-06-10T17:08:56.596Z] >>> [apiv2][query] POST https://www.googleapis.com/oauth2/v3/token [none]
[debug] [2024-06-10T17:08:56.596Z] >>> [apiv2][body] POST https://www.googleapis.com/oauth2/v3/token [omitted]
[debug] [2024-06-10T17:08:56.907Z] <<< [apiv2][status] POST https://www.googleapis.com/oauth2/v3/token 200
[debug] [2024-06-10T17:08:56.907Z] <<< [apiv2][body] POST https://www.googleapis.com/oauth2/v3/token [omitted]
[debug] [2024-06-10T17:08:56.918Z] >>> [apiv2][query] GET https://firebase.googleapis.com/v1beta1/projects pageSize=100
[debug] [2024-06-10T17:08:57.505Z] <<< [apiv2][status] GET https://firebase.googleapis.com/v1beta1/projects 200
[debug] [2024-06-10T17:08:57.506Z] <<< [apiv2][body] GET https://firebase.googleapis.com/v1beta1/projects [omitted]
[info] i  Using project myportfolio-2a0cb (myportfolio) 
[info] 
=== Functions Setup
[debug] [2024-06-10T17:09:07.199Z] > command requires scopes: ["email","openid","https://www.googleapis.com/auth/cloudplatformprojects.readonly","https://www.googleapis.com/auth/firebase","https://www.googleapis.com/auth/cloud-platform"]
[debug] [2024-06-10T17:09:07.199Z] > authorizing via signed-in user (mohamadmourad511@gmail.com)
[debug] [2024-06-10T17:09:07.200Z] [iam] checking project myportfolio-2a0cb for permissions ["firebase.projects.get"]
[debug] [2024-06-10T17:09:07.201Z] >>> [apiv2][query] POST https://cloudresourcemanager.googleapis.com/v1/projects/myportfolio-2a0cb:testIamPermissions [none]
[debug] [2024-06-10T17:09:07.201Z] >>> [apiv2][(partial)header] POST https://cloudresourcemanager.googleapis.com/v1/projects/myportfolio-2a0cb:testIamPermissions x-goog-quota-user=projects/myportfolio-2a0cb
[debug] [2024-06-10T17:09:07.201Z] >>> [apiv2][body] POST https://cloudresourcemanager.googleapis.com/v1/projects/myportfolio-2a0cb:testIamPermissions {"permissions":["firebase.projects.get"]}
[debug] [2024-06-10T17:09:08.267Z] <<< [apiv2][status] POST https://cloudresourcemanager.googleapis.com/v1/projects/myportfolio-2a0cb:testIamPermissions 200
[debug] [2024-06-10T17:09:08.268Z] <<< [apiv2][body] POST https://cloudresourcemanager.googleapis.com/v1/projects/myportfolio-2a0cb:testIamPermissions {"permissions":["firebase.projects.get"]}
[debug] [2024-06-10T17:09:08.269Z] >>> [apiv2][query] GET https://serviceusage.googleapis.com/v1/projects/myportfolio-2a0cb/services/cloudfunctions.googleapis.com [none]
[debug] [2024-06-10T17:09:08.269Z] >>> [apiv2][(partial)header] GET https://serviceusage.googleapis.com/v1/projects/myportfolio-2a0cb/services/cloudfunctions.googleapis.com x-goog-quota-user=projects/myportfolio-2a0cb
[debug] [2024-06-10T17:09:08.270Z] >>> [apiv2][query] GET https://serviceusage.googleapis.com/v1/projects/myportfolio-2a0cb/services/runtimeconfig.googleapis.com [none]
[debug] [2024-06-10T17:09:08.271Z] >>> [apiv2][(partial)header] GET https://serviceusage.googleapis.com/v1/projects/myportfolio-2a0cb/services/runtimeconfig.googleapis.com x-goog-quota-user=projects/myportfolio-2a0cb
[debug] [2024-06-10T17:09:09.494Z] <<< [apiv2][status] GET https://serviceusage.googleapis.com/v1/projects/myportfolio-2a0cb/services/runtimeconfig.googleapis.com 200
[debug] [2024-06-10T17:09:09.494Z] <<< [apiv2][body] GET https://serviceusage.googleapis.com/v1/projects/myportfolio-2a0cb/services/runtimeconfig.googleapis.com [omitted]
[debug] [2024-06-10T17:09:09.497Z] <<< [apiv2][status] GET https://serviceusage.googleapis.com/v1/projects/myportfolio-2a0cb/services/cloudfunctions.googleapis.com 200
[debug] [2024-06-10T17:09:09.498Z] <<< [apiv2][body] GET https://serviceusage.googleapis.com/v1/projects/myportfolio-2a0cb/services/cloudfunctions.googleapis.com [omitted]
[debug] [2024-06-10T17:09:09.498Z] >>> [apiv2][query] POST https://serviceusage.googleapis.com/v1/projects/myportfolio-2a0cb/services/cloudfunctions.googleapis.com:enable [none]
[debug] [2024-06-10T17:09:09.498Z] >>> [apiv2][(partial)header] POST https://serviceusage.googleapis.com/v1/projects/myportfolio-2a0cb/services/cloudfunctions.googleapis.com:enable x-goog-quota-user=projects/myportfolio-2a0cb
[debug] [2024-06-10T17:09:10.807Z] <<< [apiv2][status] POST https://serviceusage.googleapis.com/v1/projects/myportfolio-2a0cb/services/cloudfunctions.googleapis.com:enable 200
[debug] [2024-06-10T17:09:10.807Z] <<< [apiv2][body] POST https://serviceusage.googleapis.com/v1/projects/myportfolio-2a0cb/services/cloudfunctions.googleapis.com:enable [omitted]
[debug] [2024-06-10T17:09:20.809Z] >>> [apiv2][query] GET https://serviceusage.googleapis.com/v1/projects/myportfolio-2a0cb/services/cloudfunctions.googleapis.com [none]
[debug] [2024-06-10T17:09:20.810Z] >>> [apiv2][(partial)header] GET https://serviceusage.googleapis.com/v1/projects/myportfolio-2a0cb/services/cloudfunctions.googleapis.com x-goog-quota-user=projects/myportfolio-2a0cb
[debug] [2024-06-10T17:09:21.808Z] <<< [apiv2][status] GET https://serviceusage.googleapis.com/v1/projects/myportfolio-2a0cb/services/cloudfunctions.googleapis.com 200
[debug] [2024-06-10T17:09:21.808Z] <<< [apiv2][body] GET https://serviceusage.googleapis.com/v1/projects/myportfolio-2a0cb/services/cloudfunctions.googleapis.com [omitted]
[info] Let's create a new codebase for your functions.
[info] A directory corresponding to the codebase will be created in your project
[info] with sample code pre-configured.

[info] See https://firebase.google.com/docs/functions/organize-functions for
[info] more information on organizing your functions using codebases.

[info] Functions can be deployed with firebase deploy.

[info] +  Wrote functions/package.json 
[info] +  Wrote functions/index.js 
[info] +  Wrote functions/.gitignore 
